mode: set
github.com/dkucheru/Calendar/service/events.go:16.66,21.2 2 0
github.com/dkucheru/Calendar/service/events.go:24.64,26.25 1 1
github.com/dkucheru/Calendar/service/events.go:29.2,29.37 1 1
github.com/dkucheru/Calendar/service/events.go:32.2,32.35 1 1
github.com/dkucheru/Calendar/service/events.go:36.2,36.49 1 1
github.com/dkucheru/Calendar/service/events.go:41.2,50.12 5 1
github.com/dkucheru/Calendar/service/events.go:26.25,28.3 1 1
github.com/dkucheru/Calendar/service/events.go:29.37,31.3 1 1
github.com/dkucheru/Calendar/service/events.go:32.35,34.3 1 1
github.com/dkucheru/Calendar/service/events.go:36.49,38.3 1 1
github.com/dkucheru/Calendar/service/events.go:53.50,54.37 1 0
github.com/dkucheru/Calendar/service/events.go:60.2,60.71 1 0
github.com/dkucheru/Calendar/service/events.go:54.37,55.21 1 0
github.com/dkucheru/Calendar/service/events.go:55.21,58.4 2 0
github.com/dkucheru/Calendar/service/events.go:63.75,65.25 1 0
github.com/dkucheru/Calendar/service/events.go:68.2,68.37 1 0
github.com/dkucheru/Calendar/service/events.go:71.2,71.35 1 0
github.com/dkucheru/Calendar/service/events.go:75.2,75.37 1 0
github.com/dkucheru/Calendar/service/events.go:85.2,85.44 1 0
github.com/dkucheru/Calendar/service/events.go:65.25,67.3 1 0
github.com/dkucheru/Calendar/service/events.go:68.37,70.3 1 0
github.com/dkucheru/Calendar/service/events.go:71.35,73.3 1 0
github.com/dkucheru/Calendar/service/events.go:75.37,76.21 1 0
github.com/dkucheru/Calendar/service/events.go:76.21,83.4 6 0
github.com/dkucheru/Calendar/service/events.go:88.58,90.37 2 0
github.com/dkucheru/Calendar/service/events.go:93.2,93.20 1 0
github.com/dkucheru/Calendar/service/events.go:90.37,92.3 1 0
github.com/dkucheru/Calendar/service/events.go:98.91,101.37 2 0
github.com/dkucheru/Calendar/service/events.go:115.2,115.20 1 0
github.com/dkucheru/Calendar/service/events.go:101.37,110.51 2 0
github.com/dkucheru/Calendar/service/events.go:110.51,112.4 1 0
github.com/dkucheru/Calendar/service/service.go:14.40,21.2 3 0
